<?xml version="1.0" encoding="UTF-8"?>
<!-- Generated by org.testng.reporters.JUnitXMLReporter -->
<testsuite ignored="0" hostname="bbffcdcaeeffddfddddfcdbbbdefea-0" failures="1" tests="1" name="Surefire test" time="0.096" errors="0" timestamp="2023-08-11T12:04:55 UTC">
  <testcase classname="com.example.AppTest" name="testSelenium" time="0.052">
    <failure type="java.lang.IllegalStateException" message="The driver executable does not exist: /home/coder/project/workspace/testngass1/C:\Testing\chromedriver.exe">
      <![CDATA[java.lang.IllegalStateException: The driver executable does not exist: /home/coder/project/workspace/testngass1/C:\Testing\chromedriver.exe
at com.google.common.base.Preconditions.checkState(Preconditions.java:585)
at org.openqa.selenium.remote.service.DriverService.checkExecutable(DriverService.java:146)
at org.openqa.selenium.remote.service.DriverService.findExecutable(DriverService.java:141)
at org.openqa.selenium.chrome.ChromeDriverService.access$000(ChromeDriverService.java:35)
at org.openqa.selenium.chrome.ChromeDriverService$Builder.findDefaultExecutable(ChromeDriverService.java:159)
at org.openqa.selenium.remote.service.DriverService$Builder.build(DriverService.java:355)
at org.openqa.selenium.chrome.ChromeDriverService.createDefaultService(ChromeDriverService.java:94)
at org.openqa.selenium.chrome.ChromeDriver.<init>(ChromeDriver.java:123)
at com.example.AppTest.testSelenium(AppTest.java:14)
at java.base/java.util.ArrayList.forEach(ArrayList.java:1541)
... Removed 32 stack frames]]>
    </failure>
  </testcase> <!-- testSelenium -->
</testsuite> <!-- Surefire test -->
